<?xml version="1.0" encoding="UTF-8"?>
<testng-results ignored="0" total="2" passed="2" failed="0" skipped="0">
  <reporter-output>
  </reporter-output>
  <suite started-at="2021-06-27T18:14:57 IST" name="Surefire suite" finished-at="2021-06-27T18:15:28 IST" duration-ms="31094">
    <groups>
    </groups>
    <test started-at="2021-06-27T18:14:57 IST" name="Surefire test" finished-at="2021-06-27T18:15:28 IST" duration-ms="31094">
      <class name="FirstTest">
        <test-method is-config="true" signature="setUp()[pri:0, instance:FirstTest@2cd76f31]" started-at="2021-06-27T18:14:57 IST" name="setUp" finished-at="2021-06-27T18:15:05 IST" duration-ms="7843" status="PASS">
          <reporter-output>
          </reporter-output>
        </test-method> <!-- setUp -->
        <test-method is-config="true" signature="preHook()[pri:0, instance:FirstTest@2cd76f31]" started-at="2021-06-27T18:15:05 IST" name="preHook" finished-at="2021-06-27T18:15:10 IST" duration-ms="5077" status="PASS">
          <reporter-output>
          </reporter-output>
        </test-method> <!-- preHook -->
        <test-method signature="firstTest(java.lang.String,java.lang.String)[pri:0, instance:FirstTest@2cd76f31]" started-at="2021-06-27T18:15:10 IST" name="firstTest" data-provider="excel-data" finished-at="2021-06-27T18:15:14 IST" duration-ms="4115" status="PASS">
          <params>
            <param index="0">
              <value>
                <![CDATA[singhroshan@gmail.com]]>
              </value>
            </param>
            <param index="1">
              <value>
                <![CDATA[Abcd@1234]]>
              </value>
            </param>
          </params>
          <reporter-output>
          </reporter-output>
        </test-method> <!-- firstTest -->
        <test-method is-config="true" signature="tearDown()[pri:0, instance:FirstTest@2cd76f31]" started-at="2021-06-27T18:15:14 IST" name="tearDown" finished-at="2021-06-27T18:15:15 IST" duration-ms="802" status="PASS">
          <reporter-output>
          </reporter-output>
        </test-method> <!-- tearDown -->
        <test-method is-config="true" signature="setUp()[pri:0, instance:FirstTest@2cd76f31]" started-at="2021-06-27T18:15:15 IST" name="setUp" finished-at="2021-06-27T18:15:17 IST" duration-ms="1445" status="PASS">
          <reporter-output>
          </reporter-output>
        </test-method> <!-- setUp -->
        <test-method is-config="true" signature="preHook()[pri:0, instance:FirstTest@2cd76f31]" started-at="2021-06-27T18:15:17 IST" name="preHook" finished-at="2021-06-27T18:15:21 IST" duration-ms="3898" status="PASS">
          <reporter-output>
          </reporter-output>
        </test-method> <!-- preHook -->
        <test-method signature="firstTest(java.lang.String,java.lang.String)[pri:0, instance:FirstTest@2cd76f31]" started-at="2021-06-27T18:15:21 IST" name="firstTest" data-provider="excel-data" finished-at="2021-06-27T18:15:23 IST" duration-ms="2602" status="PASS">
          <params>
            <param index="0">
              <value>
                <![CDATA[test@gmail.com]]>
              </value>
            </param>
            <param index="1">
              <value>
                <![CDATA[testUser]]>
              </value>
            </param>
          </params>
          <reporter-output>
          </reporter-output>
        </test-method> <!-- firstTest -->
        <test-method is-config="true" signature="tearDown()[pri:0, instance:FirstTest@2cd76f31]" started-at="2021-06-27T18:15:23 IST" name="tearDown" finished-at="2021-06-27T18:15:28 IST" duration-ms="4704" status="PASS">
          <reporter-output>
          </reporter-output>
        </test-method> <!-- tearDown -->
      </class> <!-- FirstTest -->
    </test> <!-- Surefire test -->
  </suite> <!-- Surefire suite -->
</testng-results>
